TN:
SF:/home/shriyansh/HW2/test.js
FNF:0
FNH:0
DA:1,1
DA:2,1
DA:3,1
DA:4,1
DA:5,1
DA:6,1
DA:7,1
DA:8,1
DA:9,1
DA:10,1
DA:11,1
DA:12,1
DA:13,1
DA:14,1
DA:15,1
DA:16,1
DA:17,1
DA:18,1
DA:19,1
DA:20,1
DA:21,1
DA:22,1
DA:23,1
DA:24,1
DA:25,1
DA:26,1
DA:27,1
DA:28,1
DA:29,1
DA:30,1
DA:31,1
DA:32,1
DA:33,1
DA:34,1
DA:35,1
DA:36,1
DA:37,1
DA:38,1
DA:39,1
DA:40,1
DA:41,1
DA:42,1
DA:43,1
DA:44,1
DA:45,1
DA:46,1
DA:47,1
DA:48,1
DA:49,1
DA:50,1
DA:52,1
DA:53,1
DA:54,1
DA:55,1
DA:57,1
DA:58,1
DA:59,1
DA:60,1
DA:62,1
DA:63,1
DA:64,1
DA:65,1
DA:67,1
DA:68,1
DA:69,1
DA:70,1
DA:72,1
DA:73,1
DA:74,1
DA:75,1
DA:77,1
DA:78,1
DA:79,1
DA:80,1
DA:82,1
DA:83,1
DA:84,1
DA:85,1
DA:87,1
DA:88,1
DA:89,1
DA:90,1
DA:92,1
DA:93,1
DA:94,1
DA:95,1
DA:97,1
DA:98,1
DA:99,1
DA:100,1
DA:102,1
DA:103,1
DA:104,1
DA:105,1
DA:107,1
DA:108,1
DA:109,1
DA:110,1
DA:112,1
DA:113,1
DA:114,1
DA:115,1
DA:117,1
DA:118,1
DA:119,1
DA:120,1
DA:122,1
DA:123,1
DA:124,1
DA:125,1
DA:127,1
DA:128,1
DA:129,1
DA:130,1
DA:132,1
DA:133,1
DA:134,1
DA:135,1
DA:137,1
DA:138,1
DA:139,1
DA:140,1
DA:142,1
DA:143,1
DA:144,1
DA:145,1
DA:147,1
DA:148,1
DA:149,1
DA:150,0
DA:152,1
DA:153,1
DA:154,1
DA:155,1
DA:157,1
DA:158,1
DA:159,1
DA:160,0
DA:162,1
DA:163,1
DA:164,1
DA:165,1
DA:167,1
DA:168,1
DA:169,1
DA:170,0
DA:172,1
DA:173,1
DA:174,1
DA:175,1
DA:177,1
DA:178,1
DA:179,1
DA:180,0
DA:182,1
DA:183,1
DA:184,1
DA:185,1
DA:187,1
DA:188,1
DA:189,1
DA:190,1
DA:192,1
DA:193,1
DA:194,1
DA:195,1
DA:197,1
DA:198,1
DA:199,1
DA:200,1
DA:202,1
DA:203,1
DA:204,1
DA:205,1
DA:207,1
DA:208,1
DA:209,1
DA:210,1
DA:212,1
DA:213,1
DA:214,1
DA:215,1
DA:217,1
DA:218,1
DA:219,1
DA:220,1
DA:222,1
DA:223,1
DA:224,1
DA:225,1
DA:227,1
DA:228,1
DA:229,1
DA:230,0
DA:232,1
DA:233,1
DA:234,1
DA:235,1
DA:237,1
DA:238,1
DA:239,1
DA:240,1
DA:242,1
DA:243,1
DA:244,1
DA:245,1
DA:247,1
DA:248,1
DA:249,1
DA:250,0
DA:252,1
DA:253,1
DA:254,1
DA:255,1
DA:257,1
DA:258,1
DA:259,1
DA:260,0
DA:262,1
DA:263,1
DA:264,1
DA:265,1
DA:267,1
DA:268,1
DA:269,1
DA:270,0
DA:272,1
DA:273,1
DA:274,1
DA:275,1
DA:277,1
DA:278,1
DA:279,1
DA:280,0
DA:282,1
DA:283,1
DA:284,1
DA:285,1
DA:287,1
DA:288,1
DA:289,1
DA:290,0
DA:292,1
DA:293,1
DA:294,1
DA:295,1
DA:297,1
DA:298,1
DA:299,1
DA:300,0
DA:302,1
DA:303,1
DA:304,1
DA:305,1
DA:307,1
DA:308,1
DA:309,1
DA:310,0
DA:312,1
DA:313,1
DA:314,1
DA:315,1
DA:317,1
DA:318,1
DA:319,1
DA:320,0
DA:322,1
DA:323,1
DA:324,1
DA:325,1
DA:327,1
DA:328,1
DA:329,1
DA:330,0
DA:332,1
DA:333,1
DA:334,1
DA:335,1
DA:337,1
DA:338,1
DA:339,1
DA:340,0
DA:342,1
DA:343,1
DA:344,1
DA:345,1
DA:347,1
DA:348,1
DA:349,1
DA:350,1
LF:290
LH:275
BRF:0
BRH:0
end_of_record
TN:
SF:/home/shriyansh/HW2/subject.js
FN:3,inc
FN:12,weird
FN:40,fileTest
FN:64,normalize
FN:73,format
FN:88,blackListNumber
FNF:6
FNH:6
FNDA:4,inc
FNDA:40,weird
FNDA:60,fileTest
FNDA:4,normalize
FNDA:3,format
FNDA:1,blackListNumber
DA:1,1
DA:3,1
DA:4,4
DA:5,4
DA:7,2
DA:9,4
DA:12,1
DA:14,40
DA:16,10
DA:18,30
DA:20,15
DA:22,6
DA:24,9
DA:26,3
DA:31,15
DA:33,9
DA:36,22
DA:40,1
DA:42,60
DA:44,30
DA:47,30
DA:48,20
DA:50,10
DA:53,10
DA:55,8
DA:56,3
DA:58,1
DA:60,2
DA:64,1
DA:66,4
DA:73,1
DA:76,3
DA:77,3
DA:80,3
DA:81,0
DA:84,3
DA:88,1
DA:90,1
DA:91,1
DA:92,1
DA:94,0
DA:96,1
DA:99,1
DA:100,1
DA:101,1
DA:102,1
DA:103,1
DA:104,1
LF:48
LH:46
BRDA:4,1,0,2
BRDA:4,1,1,2
BRDA:5,2,0,2
BRDA:5,2,1,2
BRDA:14,3,0,10
BRDA:14,3,1,30
BRDA:14,4,0,40
BRDA:14,4,1,20
BRDA:18,5,0,15
BRDA:18,5,1,15
BRDA:20,6,0,6
BRDA:20,6,1,9
BRDA:24,7,0,3
BRDA:24,7,1,6
BRDA:31,8,0,9
BRDA:31,8,1,6
BRDA:42,9,0,30
BRDA:42,9,1,30
BRDA:48,10,0,10
BRDA:48,10,1,10
BRDA:53,11,0,8
BRDA:53,11,1,2
BRDA:56,12,0,1
BRDA:56,12,1,2
BRDA:76,13,0,3
BRDA:76,13,1,0
BRDA:76,14,0,3
BRDA:76,14,1,2
BRDA:92,15,0,0
BRDA:92,15,1,1
BRF:30
BRH:28
end_of_record
